<?xml version="1.0" encoding="UTF-8"?>
<!-- Generated by org.testng.reporters.JUnitReportReporter -->
<testsuite hostname="HYUN025" failures="0" tests="2" name="com.todayTix.applicationTest.BookingEncoreRestrictedTicketTest" time="79.774" errors="0" timestamp="2022-06-13T13:14:34 BST" skipped="0">
  <testcase classname="com.todayTix.applicationTest.BookingEncoreRestrictedTicketTest" name="getAvailableSeatApi" time="3.267"/>
  <system-out/>
  <testcase classname="com.todayTix.applicationTest.BookingEncoreRestrictedTicketTest" name="bookRestrictedViewEncounterTicketsTest" time="76.507"/>
  <system-out/>
</testsuite> <!-- com.todayTix.applicationTest.BookingEncoreRestrictedTicketTest -->
