<?xml version="1.0" encoding="UTF-8"?>
<!-- Generated by org.testng.reporters.JUnitReportReporter -->
<testsuite hostname="HYUN025" failures="0" tests="2" name="com.todayTix.applicationTest.BookEncoreTicketsTest" time="91.569" errors="0" timestamp="2022-06-13T14:05:46 BST" skipped="0">
  <testcase classname="com.todayTix.applicationTest.BookEncoreTicketsTest" name="bookEncounterTicketsTest" time="81.142"/>
  <system-out/>
  <testcase classname="com.todayTix.applicationTest.BookEncoreTicketsTest" name="getAvailableSeatApi" time="10.427"/>
  <system-out/>
</testsuite> <!-- com.todayTix.applicationTest.BookEncoreTicketsTest -->
